The system is: Linux - 4.9.140-tegra - aarch64
Compiling the C compiler identification source file "CMakeCCompilerId.c" succeeded.
Compiler: /usr/bin/gcc-7 
Build flags: 
Id flags:  

The output was:
0


Compilation of the C compiler identification source "CMakeCCompilerId.c" produced "a.out"

The C compiler identification is GNU, found in "/home/lg/workspace/joyou_Studio_Prj_Arch2021/dlib-19.22/build/CMakeFiles/3.10.2/CompilerIdC/a.out"

Compiling the CXX compiler identification source file "CMakeCXXCompilerId.cpp" succeeded.
Compiler: /usr/bin/g++-7 
Build flags: 
Id flags:  

The output was:
0


Compilation of the CXX compiler identification source "CMakeCXXCompilerId.cpp" produced "a.out"

The CXX compiler identification is GNU, found in "/home/lg/workspace/joyou_Studio_Prj_Arch2021/dlib-19.22/build/CMakeFiles/3.10.2/CompilerIdCXX/a.out"

Determining if the C compiler works passed with the following output:
Change Dir: /home/lg/workspace/joyou_Studio_Prj_Arch2021/dlib-19.22/build/CMakeFiles/CMakeTmp

Run Build Command:"/usr/bin/make" "cmTC_97758/fast"
/usr/bin/make -f CMakeFiles/cmTC_97758.dir/build.make CMakeFiles/cmTC_97758.dir/build
make[1]: Entering directory '/home/lg/workspace/joyou_Studio_Prj_Arch2021/dlib-19.22/build/CMakeFiles/CMakeTmp'
Building C object CMakeFiles/cmTC_97758.dir/testCCompiler.c.o
/usr/bin/gcc-7    -o CMakeFiles/cmTC_97758.dir/testCCompiler.c.o   -c /home/lg/workspace/joyou_Studio_Prj_Arch2021/dlib-19.22/build/CMakeFiles/CMakeTmp/testCCompiler.c
Linking C executable cmTC_97758
/usr/bin/cmake -E cmake_link_script CMakeFiles/cmTC_97758.dir/link.txt --verbose=1
/usr/bin/gcc-7      -rdynamic CMakeFiles/cmTC_97758.dir/testCCompiler.c.o  -o cmTC_97758 
make[1]: Leaving directory '/home/lg/workspace/joyou_Studio_Prj_Arch2021/dlib-19.22/build/CMakeFiles/CMakeTmp'


Detecting C compiler ABI info compiled with the following output:
Change Dir: /home/lg/workspace/joyou_Studio_Prj_Arch2021/dlib-19.22/build/CMakeFiles/CMakeTmp

Run Build Command:"/usr/bin/make" "cmTC_ffd09/fast"
/usr/bin/make -f CMakeFiles/cmTC_ffd09.dir/build.make CMakeFiles/cmTC_ffd09.dir/build
make[1]: Entering directory '/home/lg/workspace/joyou_Studio_Prj_Arch2021/dlib-19.22/build/CMakeFiles/CMakeTmp'
Building C object CMakeFiles/cmTC_ffd09.dir/CMakeCCompilerABI.c.o
/usr/bin/gcc-7    -o CMakeFiles/cmTC_ffd09.dir/CMakeCCompilerABI.c.o   -c /usr/share/cmake-3.10/Modules/CMakeCCompilerABI.c
Linking C executable cmTC_ffd09
/usr/bin/cmake -E cmake_link_script CMakeFiles/cmTC_ffd09.dir/link.txt --verbose=1
/usr/bin/gcc-7     -v -rdynamic CMakeFiles/cmTC_ffd09.dir/CMakeCCompilerABI.c.o  -o cmTC_ffd09 
Using built-in specs.
COLLECT_GCC=/usr/bin/gcc-7
COLLECT_LTO_WRAPPER=/usr/lib/gcc/aarch64-linux-gnu/7/lto-wrapper
Target: aarch64-linux-gnu
Configured with: ../src/configure -v --with-pkgversion='Ubuntu/Linaro 7.4.0-1ubuntu1~18.04.1' --with-bugurl=file:///usr/share/doc/gcc-7/README.Bugs --enable-languages=c,ada,c++,go,d,fortran,objc,obj-c++ --prefix=/usr --with-gcc-major-version-only --program-suffix=-7 --program-prefix=aarch64-linux-gnu- --enable-shared --enable-linker-build-id --libexecdir=/usr/lib --without-included-gettext --enable-threads=posix --libdir=/usr/lib --enable-nls --with-sysroot=/ --enable-clocale=gnu --enable-libstdcxx-debug --enable-libstdcxx-time=yes --with-default-libstdcxx-abi=new --enable-gnu-unique-object --disable-libquadmath --disable-libquadmath-support --enable-plugin --enable-default-pie --with-system-zlib --enable-multiarch --enable-fix-cortex-a53-843419 --disable-werror --enable-checking=release --build=aarch64-linux-gnu --host=aarch64-linux-gnu --target=aarch64-linux-gnu
Thread model: posix
gcc version 7.4.0 (Ubuntu/Linaro 7.4.0-1ubuntu1~18.04.1) 
COMPILER_PATH=/usr/lib/gcc/aarch64-linux-gnu/7/:/usr/lib/gcc/aarch64-linux-gnu/7/:/usr/lib/gcc/aarch64-linux-gnu/:/usr/lib/gcc/aarch64-linux-gnu/7/:/usr/lib/gcc/aarch64-linux-gnu/
LIBRARY_PATH=/usr/lib/gcc/aarch64-linux-gnu/7/:/usr/lib/gcc/aarch64-linux-gnu/7/../../../aarch64-linux-gnu/:/usr/lib/gcc/aarch64-linux-gnu/7/../../../../lib/:/lib/aarch64-linux-gnu/:/lib/../lib/:/usr/lib/aarch64-linux-gnu/:/usr/lib/../lib/:/usr/lib/gcc/aarch64-linux-gnu/7/../../../:/lib/:/usr/lib/
COLLECT_GCC_OPTIONS='-v' '-rdynamic' '-o' 'cmTC_ffd09' '-mlittle-endian' '-mabi=lp64'
 /usr/lib/gcc/aarch64-linux-gnu/7/collect2 -plugin /usr/lib/gcc/aarch64-linux-gnu/7/liblto_plugin.so -plugin-opt=/usr/lib/gcc/aarch64-linux-gnu/7/lto-wrapper -plugin-opt=-fresolution=/tmp/ccxWhdMg.res -plugin-opt=-pass-through=-lgcc -plugin-opt=-pass-through=-lgcc_s -plugin-opt=-pass-through=-lc -plugin-opt=-pass-through=-lgcc -plugin-opt=-pass-through=-lgcc_s --sysroot=/ --build-id --eh-frame-hdr --hash-style=gnu --as-needed -export-dynamic -dynamic-linker /lib/ld-linux-aarch64.so.1 -X -EL -maarch64linux --fix-cortex-a53-843419 -pie -z now -z relro -o cmTC_ffd09 /usr/lib/gcc/aarch64-linux-gnu/7/../../../aarch64-linux-gnu/Scrt1.o /usr/lib/gcc/aarch64-linux-gnu/7/../../../aarch64-linux-gnu/crti.o /usr/lib/gcc/aarch64-linux-gnu/7/crtbeginS.o -L/usr/lib/gcc/aarch64-linux-gnu/7 -L/usr/lib/gcc/aarch64-linux-gnu/7/../../../aarch64-linux-gnu -L/usr/lib/gcc/aarch64-linux-gnu/7/../../../../lib -L/lib/aarch64-linux-gnu -L/lib/../lib -L/usr/lib/aarch64-linux-gnu -L/usr/lib/../lib -L/usr/lib/gcc/aarch64-linux-gnu/7/../../.. CMakeFiles/cmTC_ffd09.dir/CMakeCCompilerABI.c.o -lgcc --push-state --as-needed -lgcc_s --pop-state -lc -lgcc --push-state --as-needed -lgcc_s --pop-state /usr/lib/gcc/aarch64-linux-gnu/7/crtendS.o /usr/lib/gcc/aarch64-linux-gnu/7/../../../aarch64-linux-gnu/crtn.o
COLLECT_GCC_OPTIONS='-v' '-rdynamic' '-o' 'cmTC_ffd09' '-mlittle-endian' '-mabi=lp64'
make[1]: Leaving directory '/home/lg/workspace/joyou_Studio_Prj_Arch2021/dlib-19.22/build/CMakeFiles/CMakeTmp'


Parsed C implicit link information from above output:
  link line regex: [^( *|.*[/\])(ld|CMAKE_LINK_STARTFILE-NOTFOUND|([^/\]+-)?ld|collect2)[^/\]*( |$)]
  ignore line: [Change Dir: /home/lg/workspace/joyou_Studio_Prj_Arch2021/dlib-19.22/build/CMakeFiles/CMakeTmp]
  ignore line: []
  ignore line: [Run Build Command:"/usr/bin/make" "cmTC_ffd09/fast"]
  ignore line: [/usr/bin/make -f CMakeFiles/cmTC_ffd09.dir/build.make CMakeFiles/cmTC_ffd09.dir/build]
  ignore line: [make[1]: Entering directory '/home/lg/workspace/joyou_Studio_Prj_Arch2021/dlib-19.22/build/CMakeFiles/CMakeTmp']
  ignore line: [Building C object CMakeFiles/cmTC_ffd09.dir/CMakeCCompilerABI.c.o]
  ignore line: [/usr/bin/gcc-7    -o CMakeFiles/cmTC_ffd09.dir/CMakeCCompilerABI.c.o   -c /usr/share/cmake-3.10/Modules/CMakeCCompilerABI.c]
  ignore line: [Linking C executable cmTC_ffd09]
  ignore line: [/usr/bin/cmake -E cmake_link_script CMakeFiles/cmTC_ffd09.dir/link.txt --verbose=1]
  ignore line: [/usr/bin/gcc-7     -v -rdynamic CMakeFiles/cmTC_ffd09.dir/CMakeCCompilerABI.c.o  -o cmTC_ffd09 ]
  ignore line: [Using built-in specs.]
  ignore line: [COLLECT_GCC=/usr/bin/gcc-7]
  ignore line: [COLLECT_LTO_WRAPPER=/usr/lib/gcc/aarch64-linux-gnu/7/lto-wrapper]
  ignore line: [Target: aarch64-linux-gnu]
  ignore line: [Configured with: ../src/configure -v --with-pkgversion='Ubuntu/Linaro 7.4.0-1ubuntu1~18.04.1' --with-bugurl=file:///usr/share/doc/gcc-7/README.Bugs --enable-languages=c,ada,c++,go,d,fortran,objc,obj-c++ --prefix=/usr --with-gcc-major-version-only --program-suffix=-7 --program-prefix=aarch64-linux-gnu- --enable-shared --enable-linker-build-id --libexecdir=/usr/lib --without-included-gettext --enable-threads=posix --libdir=/usr/lib --enable-nls --with-sysroot=/ --enable-clocale=gnu --enable-libstdcxx-debug --enable-libstdcxx-time=yes --with-default-libstdcxx-abi=new --enable-gnu-unique-object --disable-libquadmath --disable-libquadmath-support --enable-plugin --enable-default-pie --with-system-zlib --enable-multiarch --enable-fix-cortex-a53-843419 --disable-werror --enable-checking=release --build=aarch64-linux-gnu --host=aarch64-linux-gnu --target=aarch64-linux-gnu]
  ignore line: [Thread model: posix]
  ignore line: [gcc version 7.4.0 (Ubuntu/Linaro 7.4.0-1ubuntu1~18.04.1) ]
  ignore line: [COMPILER_PATH=/usr/lib/gcc/aarch64-linux-gnu/7/:/usr/lib/gcc/aarch64-linux-gnu/7/:/usr/lib/gcc/aarch64-linux-gnu/:/usr/lib/gcc/aarch64-linux-gnu/7/:/usr/lib/gcc/aarch64-linux-gnu/]
  ignore line: [LIBRARY_PATH=/usr/lib/gcc/aarch64-linux-gnu/7/:/usr/lib/gcc/aarch64-linux-gnu/7/../../../aarch64-linux-gnu/:/usr/lib/gcc/aarch64-linux-gnu/7/../../../../lib/:/lib/aarch64-linux-gnu/:/lib/../lib/:/usr/lib/aarch64-linux-gnu/:/usr/lib/../lib/:/usr/lib/gcc/aarch64-linux-gnu/7/../../../:/lib/:/usr/lib/]
  ignore line: [COLLECT_GCC_OPTIONS='-v' '-rdynamic' '-o' 'cmTC_ffd09' '-mlittle-endian' '-mabi=lp64']
  link line: [ /usr/lib/gcc/aarch64-linux-gnu/7/collect2 -plugin /usr/lib/gcc/aarch64-linux-gnu/7/liblto_plugin.so -plugin-opt=/usr/lib/gcc/aarch64-linux-gnu/7/lto-wrapper -plugin-opt=-fresolution=/tmp/ccxWhdMg.res -plugin-opt=-pass-through=-lgcc -plugin-opt=-pass-through=-lgcc_s -plugin-opt=-pass-through=-lc -plugin-opt=-pass-through=-lgcc -plugin-opt=-pass-through=-lgcc_s --sysroot=/ --build-id --eh-frame-hdr --hash-style=gnu --as-needed -export-dynamic -dynamic-linker /lib/ld-linux-aarch64.so.1 -X -EL -maarch64linux --fix-cortex-a53-843419 -pie -z now -z relro -o cmTC_ffd09 /usr/lib/gcc/aarch64-linux-gnu/7/../../../aarch64-linux-gnu/Scrt1.o /usr/lib/gcc/aarch64-linux-gnu/7/../../../aarch64-linux-gnu/crti.o /usr/lib/gcc/aarch64-linux-gnu/7/crtbeginS.o -L/usr/lib/gcc/aarch64-linux-gnu/7 -L/usr/lib/gcc/aarch64-linux-gnu/7/../../../aarch64-linux-gnu -L/usr/lib/gcc/aarch64-linux-gnu/7/../../../../lib -L/lib/aarch64-linux-gnu -L/lib/../lib -L/usr/lib/aarch64-linux-gnu -L/usr/lib/../lib -L/usr/lib/gcc/aarch64-linux-gnu/7/../../.. CMakeFiles/cmTC_ffd09.dir/CMakeCCompilerABI.c.o -lgcc --push-state --as-needed -lgcc_s --pop-state -lc -lgcc --push-state --as-needed -lgcc_s --pop-state /usr/lib/gcc/aarch64-linux-gnu/7/crtendS.o /usr/lib/gcc/aarch64-linux-gnu/7/../../../aarch64-linux-gnu/crtn.o]
    arg [/usr/lib/gcc/aarch64-linux-gnu/7/collect2] ==> ignore
    arg [-plugin] ==> ignore
    arg [/usr/lib/gcc/aarch64-linux-gnu/7/liblto_plugin.so] ==> ignore
    arg [-plugin-opt=/usr/lib/gcc/aarch64-linux-gnu/7/lto-wrapper] ==> ignore
    arg [-plugin-opt=-fresolution=/tmp/ccxWhdMg.res] ==> ignore
    arg [-plugin-opt=-pass-through=-lgcc] ==> ignore
    arg [-plugin-opt=-pass-through=-lgcc_s] ==> ignore
    arg [-plugin-opt=-pass-through=-lc] ==> ignore
    arg [-plugin-opt=-pass-through=-lgcc] ==> ignore
    arg [-plugin-opt=-pass-through=-lgcc_s] ==> ignore
    arg [--sysroot=/] ==> ignore
    arg [--build-id] ==> ignore
    arg [--eh-frame-hdr] ==> ignore
    arg [--hash-style=gnu] ==> ignore
    arg [--as-needed] ==> ignore
    arg [-export-dynamic] ==> ignore
    arg [-dynamic-linker] ==> ignore
    arg [/lib/ld-linux-aarch64.so.1] ==> ignore
    arg [-X] ==> ignore
    arg [-EL] ==> ignore
    arg [-maarch64linux] ==> ignore
    arg [--fix-cortex-a53-843419] ==> ignore
    arg [-pie] ==> ignore
    arg [-znow] ==> ignore
    arg [-zrelro] ==> ignore
    arg [-o] ==> ignore
    arg [cmTC_ffd09] ==> ignore
    arg [/usr/lib/gcc/aarch64-linux-gnu/7/../../../aarch64-linux-gnu/Scrt1.o] ==> ignore
    arg [/usr/lib/gcc/aarch64-linux-gnu/7/../../../aarch64-linux-gnu/crti.o] ==> ignore
    arg [/usr/lib/gcc/aarch64-linux-gnu/7/crtbeginS.o] ==> ignore
    arg [-L/usr/lib/gcc/aarch64-linux-gnu/7] ==> dir [/usr/lib/gcc/aarch64-linux-gnu/7]
    arg [-L/usr/lib/gcc/aarch64-linux-gnu/7/../../../aarch64-linux-gnu] ==> dir [/usr/lib/gcc/aarch64-linux-gnu/7/../../../aarch64-linux-gnu]
    arg [-L/usr/lib/gcc/aarch64-linux-gnu/7/../../../../lib] ==> dir [/usr/lib/gcc/aarch64-linux-gnu/7/../../../../lib]
    arg [-L/lib/aarch64-linux-gnu] ==> dir [/lib/aarch64-linux-gnu]
    arg [-L/lib/../lib] ==> dir [/lib/../lib]
    arg [-L/usr/lib/aarch64-linux-gnu] ==> dir [/usr/lib/aarch64-linux-gnu]
    arg [-L/usr/lib/../lib] ==> dir [/usr/lib/../lib]
    arg [-L/usr/lib/gcc/aarch64-linux-gnu/7/../../..] ==> dir [/usr/lib/gcc/aarch64-linux-gnu/7/../../..]
    arg [CMakeFiles/cmTC_ffd09.dir/CMakeCCompilerABI.c.o] ==> ignore
    arg [-lgcc] ==> lib [gcc]
    arg [--push-state] ==> ignore
    arg [--as-needed] ==> ignore
    arg [-lgcc_s] ==> lib [gcc_s]
    arg [--pop-state] ==> ignore
    arg [-lc] ==> lib [c]
    arg [-lgcc] ==> lib [gcc]
    arg [--push-state] ==> ignore
    arg [--as-needed] ==> ignore
    arg [-lgcc_s] ==> lib [gcc_s]
    arg [--pop-state] ==> ignore
    arg [/usr/lib/gcc/aarch64-linux-gnu/7/crtendS.o] ==> ignore
    arg [/usr/lib/gcc/aarch64-linux-gnu/7/../../../aarch64-linux-gnu/crtn.o] ==> ignore
  collapse library dir [/usr/lib/gcc/aarch64-linux-gnu/7] ==> [/usr/lib/gcc/aarch64-linux-gnu/7]
  collapse library dir [/usr/lib/gcc/aarch64-linux-gnu/7/../../../aarch64-linux-gnu] ==> [/usr/lib/aarch64-linux-gnu]
  collapse library dir [/usr/lib/gcc/aarch64-linux-gnu/7/../../../../lib] ==> [/usr/lib]
  collapse library dir [/lib/aarch64-linux-gnu] ==> [/lib/aarch64-linux-gnu]
  collapse library dir [/lib/../lib] ==> [/lib]
  collapse library dir [/usr/lib/aarch64-linux-gnu] ==> [/usr/lib/aarch64-linux-gnu]
  collapse library dir [/usr/lib/../lib] ==> [/usr/lib]
  collapse library dir [/usr/lib/gcc/aarch64-linux-gnu/7/../../..] ==> [/usr/lib]
  implicit libs: [gcc;gcc_s;c;gcc;gcc_s]
  implicit dirs: [/usr/lib/gcc/aarch64-linux-gnu/7;/usr/lib/aarch64-linux-gnu;/usr/lib;/lib/aarch64-linux-gnu;/lib]
  implicit fwks: []




Detecting C [-std=c11] compiler features compiled with the following output:
Change Dir: /home/lg/workspace/joyou_Studio_Prj_Arch2021/dlib-19.22/build/CMakeFiles/CMakeTmp

Run Build Command:"/usr/bin/make" "cmTC_22e3f/fast"
/usr/bin/make -f CMakeFiles/cmTC_22e3f.dir/build.make CMakeFiles/cmTC_22e3f.dir/build
make[1]: Entering directory '/home/lg/workspace/joyou_Studio_Prj_Arch2021/dlib-19.22/build/CMakeFiles/CMakeTmp'
Building C object CMakeFiles/cmTC_22e3f.dir/feature_tests.c.o
/usr/bin/gcc-7   -std=c11 -o CMakeFiles/cmTC_22e3f.dir/feature_tests.c.o   -c /home/lg/workspace/joyou_Studio_Prj_Arch2021/dlib-19.22/build/CMakeFiles/feature_tests.c
Linking C executable cmTC_22e3f
/usr/bin/cmake -E cmake_link_script CMakeFiles/cmTC_22e3f.dir/link.txt --verbose=1
/usr/bin/gcc-7      -rdynamic CMakeFiles/cmTC_22e3f.dir/feature_tests.c.o  -o cmTC_22e3f 
make[1]: Leaving directory '/home/lg/workspace/joyou_Studio_Prj_Arch2021/dlib-19.22/build/CMakeFiles/CMakeTmp'


    Feature record: C_FEATURE:1c_function_prototypes
    Feature record: C_FEATURE:1c_restrict
    Feature record: C_FEATURE:1c_static_assert
    Feature record: C_FEATURE:1c_variadic_macros


Detecting C [-std=c99] compiler features compiled with the following output:
Change Dir: /home/lg/workspace/joyou_Studio_Prj_Arch2021/dlib-19.22/build/CMakeFiles/CMakeTmp

Run Build Command:"/usr/bin/make" "cmTC_93a2e/fast"
/usr/bin/make -f CMakeFiles/cmTC_93a2e.dir/build.make CMakeFiles/cmTC_93a2e.dir/build
make[1]: Entering directory '/home/lg/workspace/joyou_Studio_Prj_Arch2021/dlib-19.22/build/CMakeFiles/CMakeTmp'
Building C object CMakeFiles/cmTC_93a2e.dir/feature_tests.c.o
/usr/bin/gcc-7   -std=c99 -o CMakeFiles/cmTC_93a2e.dir/feature_tests.c.o   -c /home/lg/workspace/joyou_Studio_Prj_Arch2021/dlib-19.22/build/CMakeFiles/feature_tests.c
Linking C executable cmTC_93a2e
/usr/bin/cmake -E cmake_link_script CMakeFiles/cmTC_93a2e.dir/link.txt --verbose=1
/usr/bin/gcc-7      -rdynamic CMakeFiles/cmTC_93a2e.dir/feature_tests.c.o  -o cmTC_93a2e 
make[1]: Leaving directory '/home/lg/workspace/joyou_Studio_Prj_Arch2021/dlib-19.22/build/CMakeFiles/CMakeTmp'


    Feature record: C_FEATURE:1c_function_prototypes
    Feature record: C_FEATURE:1c_restrict
    Feature record: C_FEATURE:0c_static_assert
    Feature record: C_FEATURE:1c_variadic_macros


Detecting C [-std=c90] compiler features compiled with the following output:
Change Dir: /home/lg/workspace/joyou_Studio_Prj_Arch2021/dlib-19.22/build/CMakeFiles/CMakeTmp

Run Build Command:"/usr/bin/make" "cmTC_4ae23/fast"
/usr/bin/make -f CMakeFiles/cmTC_4ae23.dir/build.make CMakeFiles/cmTC_4ae23.dir/build
make[1]: Entering directory '/home/lg/workspace/joyou_Studio_Prj_Arch2021/dlib-19.22/build/CMakeFiles/CMakeTmp'
Building C object CMakeFiles/cmTC_4ae23.dir/feature_tests.c.o
/usr/bin/gcc-7   -std=c90 -o CMakeFiles/cmTC_4ae23.dir/feature_tests.c.o   -c /home/lg/workspace/joyou_Studio_Prj_Arch2021/dlib-19.22/build/CMakeFiles/feature_tests.c
Linking C executable cmTC_4ae23
/usr/bin/cmake -E cmake_link_script CMakeFiles/cmTC_4ae23.dir/link.txt --verbose=1
/usr/bin/gcc-7      -rdynamic CMakeFiles/cmTC_4ae23.dir/feature_tests.c.o  -o cmTC_4ae23 
make[1]: Leaving directory '/home/lg/workspace/joyou_Studio_Prj_Arch2021/dlib-19.22/build/CMakeFiles/CMakeTmp'


    Feature record: C_FEATURE:1c_function_prototypes
    Feature record: C_FEATURE:0c_restrict
    Feature record: C_FEATURE:0c_static_assert
    Feature record: C_FEATURE:0c_variadic_macros
Determining if the CXX compiler works passed with the following output:
Change Dir: /home/lg/workspace/joyou_Studio_Prj_Arch2021/dlib-19.22/build/CMakeFiles/CMakeTmp

Run Build Command:"/usr/bin/make" "cmTC_419d4/fast"
/usr/bin/make -f CMakeFiles/cmTC_419d4.dir/build.make CMakeFiles/cmTC_419d4.dir/build
make[1]: Entering directory '/home/lg/workspace/joyou_Studio_Prj_Arch2021/dlib-19.22/build/CMakeFiles/CMakeTmp'
Building CXX object CMakeFiles/cmTC_419d4.dir/testCXXCompiler.cxx.o
/usr/bin/g++-7     -o CMakeFiles/cmTC_419d4.dir/testCXXCompiler.cxx.o -c /home/lg/workspace/joyou_Studio_Prj_Arch2021/dlib-19.22/build/CMakeFiles/CMakeTmp/testCXXCompiler.cxx
Linking CXX executable cmTC_419d4
/usr/bin/cmake -E cmake_link_script CMakeFiles/cmTC_419d4.dir/link.txt --verbose=1
/usr/bin/g++-7       -rdynamic CMakeFiles/cmTC_419d4.dir/testCXXCompiler.cxx.o  -o cmTC_419d4 
make[1]: Leaving directory '/home/lg/workspace/joyou_Studio_Prj_Arch2021/dlib-19.22/build/CMakeFiles/CMakeTmp'


Detecting CXX compiler ABI info compiled with the following output:
Change Dir: /home/lg/workspace/joyou_Studio_Prj_Arch2021/dlib-19.22/build/CMakeFiles/CMakeTmp

Run Build Command:"/usr/bin/make" "cmTC_e924f/fast"
/usr/bin/make -f CMakeFiles/cmTC_e924f.dir/build.make CMakeFiles/cmTC_e924f.dir/build
make[1]: Entering directory '/home/lg/workspace/joyou_Studio_Prj_Arch2021/dlib-19.22/build/CMakeFiles/CMakeTmp'
Building CXX object CMakeFiles/cmTC_e924f.dir/CMakeCXXCompilerABI.cpp.o
/usr/bin/g++-7     -o CMakeFiles/cmTC_e924f.dir/CMakeCXXCompilerABI.cpp.o -c /usr/share/cmake-3.10/Modules/CMakeCXXCompilerABI.cpp
Linking CXX executable cmTC_e924f
/usr/bin/cmake -E cmake_link_script CMakeFiles/cmTC_e924f.dir/link.txt --verbose=1
/usr/bin/g++-7      -v -rdynamic CMakeFiles/cmTC_e924f.dir/CMakeCXXCompilerABI.cpp.o  -o cmTC_e924f 
Using built-in specs.
COLLECT_GCC=/usr/bin/g++-7
COLLECT_LTO_WRAPPER=/usr/lib/gcc/aarch64-linux-gnu/7/lto-wrapper
Target: aarch64-linux-gnu
Configured with: ../src/configure -v --with-pkgversion='Ubuntu/Linaro 7.4.0-1ubuntu1~18.04.1' --with-bugurl=file:///usr/share/doc/gcc-7/README.Bugs --enable-languages=c,ada,c++,go,d,fortran,objc,obj-c++ --prefix=/usr --with-gcc-major-version-only --program-suffix=-7 --program-prefix=aarch64-linux-gnu- --enable-shared --enable-linker-build-id --libexecdir=/usr/lib --without-included-gettext --enable-threads=posix --libdir=/usr/lib --enable-nls --with-sysroot=/ --enable-clocale=gnu --enable-libstdcxx-debug --enable-libstdcxx-time=yes --with-default-libstdcxx-abi=new --enable-gnu-unique-object --disable-libquadmath --disable-libquadmath-support --enable-plugin --enable-default-pie --with-system-zlib --enable-multiarch --enable-fix-cortex-a53-843419 --disable-werror --enable-checking=release --build=aarch64-linux-gnu --host=aarch64-linux-gnu --target=aarch64-linux-gnu
Thread model: posix
gcc version 7.4.0 (Ubuntu/Linaro 7.4.0-1ubuntu1~18.04.1) 
COMPILER_PATH=/usr/lib/gcc/aarch64-linux-gnu/7/:/usr/lib/gcc/aarch64-linux-gnu/7/:/usr/lib/gcc/aarch64-linux-gnu/:/usr/lib/gcc/aarch64-linux-gnu/7/:/usr/lib/gcc/aarch64-linux-gnu/
LIBRARY_PATH=/usr/lib/gcc/aarch64-linux-gnu/7/:/usr/lib/gcc/aarch64-linux-gnu/7/../../../aarch64-linux-gnu/:/usr/lib/gcc/aarch64-linux-gnu/7/../../../../lib/:/lib/aarch64-linux-gnu/:/lib/../lib/:/usr/lib/aarch64-linux-gnu/:/usr/lib/../lib/:/usr/lib/gcc/aarch64-linux-gnu/7/../../../:/lib/:/usr/lib/
COLLECT_GCC_OPTIONS='-v' '-rdynamic' '-o' 'cmTC_e924f' '-shared-libgcc' '-mlittle-endian' '-mabi=lp64'
 /usr/lib/gcc/aarch64-linux-gnu/7/collect2 -plugin /usr/lib/gcc/aarch64-linux-gnu/7/liblto_plugin.so -plugin-opt=/usr/lib/gcc/aarch64-linux-gnu/7/lto-wrapper -plugin-opt=-fresolution=/tmp/cc1KlERw.res -plugin-opt=-pass-through=-lgcc_s -plugin-opt=-pass-through=-lgcc -plugin-opt=-pass-through=-lc -plugin-opt=-pass-through=-lgcc_s -plugin-opt=-pass-through=-lgcc --sysroot=/ --build-id --eh-frame-hdr --hash-style=gnu --as-needed -export-dynamic -dynamic-linker /lib/ld-linux-aarch64.so.1 -X -EL -maarch64linux --fix-cortex-a53-843419 -pie -z now -z relro -o cmTC_e924f /usr/lib/gcc/aarch64-linux-gnu/7/../../../aarch64-linux-gnu/Scrt1.o /usr/lib/gcc/aarch64-linux-gnu/7/../../../aarch64-linux-gnu/crti.o /usr/lib/gcc/aarch64-linux-gnu/7/crtbeginS.o -L/usr/lib/gcc/aarch64-linux-gnu/7 -L/usr/lib/gcc/aarch64-linux-gnu/7/../../../aarch64-linux-gnu -L/usr/lib/gcc/aarch64-linux-gnu/7/../../../../lib -L/lib/aarch64-linux-gnu -L/lib/../lib -L/usr/lib/aarch64-linux-gnu -L/usr/lib/../lib -L/usr/lib/gcc/aarch64-linux-gnu/7/../../.. CMakeFiles/cmTC_e924f.dir/CMakeCXXCompilerABI.cpp.o -lstdc++ -lm -lgcc_s -lgcc -lc -lgcc_s -lgcc /usr/lib/gcc/aarch64-linux-gnu/7/crtendS.o /usr/lib/gcc/aarch64-linux-gnu/7/../../../aarch64-linux-gnu/crtn.o
COLLECT_GCC_OPTIONS='-v' '-rdynamic' '-o' 'cmTC_e924f' '-shared-libgcc' '-mlittle-endian' '-mabi=lp64'
make[1]: Leaving directory '/home/lg/workspace/joyou_Studio_Prj_Arch2021/dlib-19.22/build/CMakeFiles/CMakeTmp'


Parsed CXX implicit link information from above output:
  link line regex: [^( *|.*[/\])(ld|CMAKE_LINK_STARTFILE-NOTFOUND|([^/\]+-)?ld|collect2)[^/\]*( |$)]
  ignore line: [Change Dir: /home/lg/workspace/joyou_Studio_Prj_Arch2021/dlib-19.22/build/CMakeFiles/CMakeTmp]
  ignore line: []
  ignore line: [Run Build Command:"/usr/bin/make" "cmTC_e924f/fast"]
  ignore line: [/usr/bin/make -f CMakeFiles/cmTC_e924f.dir/build.make CMakeFiles/cmTC_e924f.dir/build]
  ignore line: [make[1]: Entering directory '/home/lg/workspace/joyou_Studio_Prj_Arch2021/dlib-19.22/build/CMakeFiles/CMakeTmp']
  ignore line: [Building CXX object CMakeFiles/cmTC_e924f.dir/CMakeCXXCompilerABI.cpp.o]
  ignore line: [/usr/bin/g++-7     -o CMakeFiles/cmTC_e924f.dir/CMakeCXXCompilerABI.cpp.o -c /usr/share/cmake-3.10/Modules/CMakeCXXCompilerABI.cpp]
  ignore line: [Linking CXX executable cmTC_e924f]
  ignore line: [/usr/bin/cmake -E cmake_link_script CMakeFiles/cmTC_e924f.dir/link.txt --verbose=1]
  ignore line: [/usr/bin/g++-7      -v -rdynamic CMakeFiles/cmTC_e924f.dir/CMakeCXXCompilerABI.cpp.o  -o cmTC_e924f ]
  ignore line: [Using built-in specs.]
  ignore line: [COLLECT_GCC=/usr/bin/g++-7]
  ignore line: [COLLECT_LTO_WRAPPER=/usr/lib/gcc/aarch64-linux-gnu/7/lto-wrapper]
  ignore line: [Target: aarch64-linux-gnu]
  ignore line: [Configured with: ../src/configure -v --with-pkgversion='Ubuntu/Linaro 7.4.0-1ubuntu1~18.04.1' --with-bugurl=file:///usr/share/doc/gcc-7/README.Bugs --enable-languages=c,ada,c++,go,d,fortran,objc,obj-c++ --prefix=/usr --with-gcc-major-version-only --program-suffix=-7 --program-prefix=aarch64-linux-gnu- --enable-shared --enable-linker-build-id --libexecdir=/usr/lib --without-included-gettext --enable-threads=posix --libdir=/usr/lib --enable-nls --with-sysroot=/ --enable-clocale=gnu --enable-libstdcxx-debug --enable-libstdcxx-time=yes --with-default-libstdcxx-abi=new --enable-gnu-unique-object --disable-libquadmath --disable-libquadmath-support --enable-plugin --enable-default-pie --with-system-zlib --enable-multiarch --enable-fix-cortex-a53-843419 --disable-werror --enable-checking=release --build=aarch64-linux-gnu --host=aarch64-linux-gnu --target=aarch64-linux-gnu]
  ignore line: [Thread model: posix]
  ignore line: [gcc version 7.4.0 (Ubuntu/Linaro 7.4.0-1ubuntu1~18.04.1) ]
  ignore line: [COMPILER_PATH=/usr/lib/gcc/aarch64-linux-gnu/7/:/usr/lib/gcc/aarch64-linux-gnu/7/:/usr/lib/gcc/aarch64-linux-gnu/:/usr/lib/gcc/aarch64-linux-gnu/7/:/usr/lib/gcc/aarch64-linux-gnu/]
  ignore line: [LIBRARY_PATH=/usr/lib/gcc/aarch64-linux-gnu/7/:/usr/lib/gcc/aarch64-linux-gnu/7/../../../aarch64-linux-gnu/:/usr/lib/gcc/aarch64-linux-gnu/7/../../../../lib/:/lib/aarch64-linux-gnu/:/lib/../lib/:/usr/lib/aarch64-linux-gnu/:/usr/lib/../lib/:/usr/lib/gcc/aarch64-linux-gnu/7/../../../:/lib/:/usr/lib/]
  ignore line: [COLLECT_GCC_OPTIONS='-v' '-rdynamic' '-o' 'cmTC_e924f' '-shared-libgcc' '-mlittle-endian' '-mabi=lp64']
  link line: [ /usr/lib/gcc/aarch64-linux-gnu/7/collect2 -plugin /usr/lib/gcc/aarch64-linux-gnu/7/liblto_plugin.so -plugin-opt=/usr/lib/gcc/aarch64-linux-gnu/7/lto-wrapper -plugin-opt=-fresolution=/tmp/cc1KlERw.res -plugin-opt=-pass-through=-lgcc_s -plugin-opt=-pass-through=-lgcc -plugin-opt=-pass-through=-lc -plugin-opt=-pass-through=-lgcc_s -plugin-opt=-pass-through=-lgcc --sysroot=/ --build-id --eh-frame-hdr --hash-style=gnu --as-needed -export-dynamic -dynamic-linker /lib/ld-linux-aarch64.so.1 -X -EL -maarch64linux --fix-cortex-a53-843419 -pie -z now -z relro -o cmTC_e924f /usr/lib/gcc/aarch64-linux-gnu/7/../../../aarch64-linux-gnu/Scrt1.o /usr/lib/gcc/aarch64-linux-gnu/7/../../../aarch64-linux-gnu/crti.o /usr/lib/gcc/aarch64-linux-gnu/7/crtbeginS.o -L/usr/lib/gcc/aarch64-linux-gnu/7 -L/usr/lib/gcc/aarch64-linux-gnu/7/../../../aarch64-linux-gnu -L/usr/lib/gcc/aarch64-linux-gnu/7/../../../../lib -L/lib/aarch64-linux-gnu -L/lib/../lib -L/usr/lib/aarch64-linux-gnu -L/usr/lib/../lib -L/usr/lib/gcc/aarch64-linux-gnu/7/../../.. CMakeFiles/cmTC_e924f.dir/CMakeCXXCompilerABI.cpp.o -lstdc++ -lm -lgcc_s -lgcc -lc -lgcc_s -lgcc /usr/lib/gcc/aarch64-linux-gnu/7/crtendS.o /usr/lib/gcc/aarch64-linux-gnu/7/../../../aarch64-linux-gnu/crtn.o]
    arg [/usr/lib/gcc/aarch64-linux-gnu/7/collect2] ==> ignore
    arg [-plugin] ==> ignore
    arg [/usr/lib/gcc/aarch64-linux-gnu/7/liblto_plugin.so] ==> ignore
    arg [-plugin-opt=/usr/lib/gcc/aarch64-linux-gnu/7/lto-wrapper] ==> ignore
    arg [-plugin-opt=-fresolution=/tmp/cc1KlERw.res] ==> ignore
    arg [-plugin-opt=-pass-through=-lgcc_s] ==> ignore
    arg [-plugin-opt=-pass-through=-lgcc] ==> ignore
    arg [-plugin-opt=-pass-through=-lc] ==> ignore
    arg [-plugin-opt=-pass-through=-lgcc_s] ==> ignore
    arg [-plugin-opt=-pass-through=-lgcc] ==> ignore
    arg [--sysroot=/] ==> ignore
    arg [--build-id] ==> ignore
    arg [--eh-frame-hdr] ==> ignore
    arg [--hash-style=gnu] ==> ignore
    arg [--as-needed] ==> ignore
    arg [-export-dynamic] ==> ignore
    arg [-dynamic-linker] ==> ignore
    arg [/lib/ld-linux-aarch64.so.1] ==> ignore
    arg [-X] ==> ignore
    arg [-EL] ==> ignore
    arg [-maarch64linux] ==> ignore
    arg [--fix-cortex-a53-843419] ==> ignore
    arg [-pie] ==> ignore
    arg [-znow] ==> ignore
    arg [-zrelro] ==> ignore
    arg [-o] ==> ignore
    arg [cmTC_e924f] ==> ignore
    arg [/usr/lib/gcc/aarch64-linux-gnu/7/../../../aarch64-linux-gnu/Scrt1.o] ==> ignore
    arg [/usr/lib/gcc/aarch64-linux-gnu/7/../../../aarch64-linux-gnu/crti.o] ==> ignore
    arg [/usr/lib/gcc/aarch64-linux-gnu/7/crtbeginS.o] ==> ignore
    arg [-L/usr/lib/gcc/aarch64-linux-gnu/7] ==> dir [/usr/lib/gcc/aarch64-linux-gnu/7]
    arg [-L/usr/lib/gcc/aarch64-linux-gnu/7/../../../aarch64-linux-gnu] ==> dir [/usr/lib/gcc/aarch64-linux-gnu/7/../../../aarch64-linux-gnu]
    arg [-L/usr/lib/gcc/aarch64-linux-gnu/7/../../../../lib] ==> dir [/usr/lib/gcc/aarch64-linux-gnu/7/../../../../lib]
    arg [-L/lib/aarch64-linux-gnu] ==> dir [/lib/aarch64-linux-gnu]
    arg [-L/lib/../lib] ==> dir [/lib/../lib]
    arg [-L/usr/lib/aarch64-linux-gnu] ==> dir [/usr/lib/aarch64-linux-gnu]
    arg [-L/usr/lib/../lib] ==> dir [/usr/lib/../lib]
    arg [-L/usr/lib/gcc/aarch64-linux-gnu/7/../../..] ==> dir [/usr/lib/gcc/aarch64-linux-gnu/7/../../..]
    arg [CMakeFiles/cmTC_e924f.dir/CMakeCXXCompilerABI.cpp.o] ==> ignore
    arg [-lstdc++] ==> lib [stdc++]
    arg [-lm] ==> lib [m]
    arg [-lgcc_s] ==> lib [gcc_s]
    arg [-lgcc] ==> lib [gcc]
    arg [-lc] ==> lib [c]
    arg [-lgcc_s] ==> lib [gcc_s]
    arg [-lgcc] ==> lib [gcc]
    arg [/usr/lib/gcc/aarch64-linux-gnu/7/crtendS.o] ==> ignore
    arg [/usr/lib/gcc/aarch64-linux-gnu/7/../../../aarch64-linux-gnu/crtn.o] ==> ignore
  collapse library dir [/usr/lib/gcc/aarch64-linux-gnu/7] ==> [/usr/lib/gcc/aarch64-linux-gnu/7]
  collapse library dir [/usr/lib/gcc/aarch64-linux-gnu/7/../../../aarch64-linux-gnu] ==> [/usr/lib/aarch64-linux-gnu]
  collapse library dir [/usr/lib/gcc/aarch64-linux-gnu/7/../../../../lib] ==> [/usr/lib]
  collapse library dir [/lib/aarch64-linux-gnu] ==> [/lib/aarch64-linux-gnu]
  collapse library dir [/lib/../lib] ==> [/lib]
  collapse library dir [/usr/lib/aarch64-linux-gnu] ==> [/usr/lib/aarch64-linux-gnu]
  collapse library dir [/usr/lib/../lib] ==> [/usr/lib]
  collapse library dir [/usr/lib/gcc/aarch64-linux-gnu/7/../../..] ==> [/usr/lib]
  implicit libs: [stdc++;m;gcc_s;gcc;c;gcc_s;gcc]
  implicit dirs: [/usr/lib/gcc/aarch64-linux-gnu/7;/usr/lib/aarch64-linux-gnu;/usr/lib;/lib/aarch64-linux-gnu;/lib]
  implicit fwks: []




Detecting CXX [-std=c++1z] compiler features compiled with the following output:
Change Dir: /home/lg/workspace/joyou_Studio_Prj_Arch2021/dlib-19.22/build/CMakeFiles/CMakeTmp

Run Build Command:"/usr/bin/make" "cmTC_c9763/fast"
/usr/bin/make -f CMakeFiles/cmTC_c9763.dir/build.make CMakeFiles/cmTC_c9763.dir/build
make[1]: Entering directory '/home/lg/workspace/joyou_Studio_Prj_Arch2021/dlib-19.22/build/CMakeFiles/CMakeTmp'
Building CXX object CMakeFiles/cmTC_c9763.dir/feature_tests.cxx.o
/usr/bin/g++-7    -std=c++1z -o CMakeFiles/cmTC_c9763.dir/feature_tests.cxx.o -c /home/lg/workspace/joyou_Studio_Prj_Arch2021/dlib-19.22/build/CMakeFiles/feature_tests.cxx
Linking CXX executable cmTC_c9763
/usr/bin/cmake -E cmake_link_script CMakeFiles/cmTC_c9763.dir/link.txt --verbose=1
/usr/bin/g++-7       -rdynamic CMakeFiles/cmTC_c9763.dir/feature_tests.cxx.o  -o cmTC_c9763 
make[1]: Leaving directory '/home/lg/workspace/joyou_Studio_Prj_Arch2021/dlib-19.22/build/CMakeFiles/CMakeTmp'


    Feature record: CXX_FEATURE:1cxx_aggregate_default_initializers
    Feature record: CXX_FEATURE:1cxx_alias_templates
    Feature record: CXX_FEATURE:1cxx_alignas
    Feature record: CXX_FEATURE:1cxx_alignof
    Feature record: CXX_FEATURE:1cxx_attributes
    Feature record: CXX_FEATURE:1cxx_attribute_deprecated
    Feature record: CXX_FEATURE:1cxx_auto_type
    Feature record: CXX_FEATURE:1cxx_binary_literals
    Feature record: CXX_FEATURE:1cxx_constexpr
    Feature record: CXX_FEATURE:1cxx_contextual_conversions
    Feature record: CXX_FEATURE:1cxx_decltype
    Feature record: CXX_FEATURE:1cxx_decltype_auto
    Feature record: CXX_FEATURE:1cxx_decltype_incomplete_return_types
    Feature record: CXX_FEATURE:1cxx_default_function_template_args
    Feature record: CXX_FEATURE:1cxx_defaulted_functions
    Feature record: CXX_FEATURE:1cxx_defaulted_move_initializers
    Feature record: CXX_FEATURE:1cxx_delegating_constructors
    Feature record: CXX_FEATURE:1cxx_deleted_functions
    Feature record: CXX_FEATURE:1cxx_digit_separators
    Feature record: CXX_FEATURE:1cxx_enum_forward_declarations
    Feature record: CXX_FEATURE:1cxx_explicit_conversions
    Feature record: CXX_FEATURE:1cxx_extended_friend_declarations
    Feature record: CXX_FEATURE:1cxx_extern_templates
    Feature record: CXX_FEATURE:1cxx_final
    Feature record: CXX_FEATURE:1cxx_func_identifier
    Feature record: CXX_FEATURE:1cxx_generalized_initializers
    Feature record: CXX_FEATURE:1cxx_generic_lambdas
    Feature record: CXX_FEATURE:1cxx_inheriting_constructors
    Feature record: CXX_FEATURE:1cxx_inline_namespaces
    Feature record: CXX_FEATURE:1cxx_lambdas
    Feature record: CXX_FEATURE:1cxx_lambda_init_captures
    Feature record: CXX_FEATURE:1cxx_local_type_template_args
    Feature record: CXX_FEATURE:1cxx_long_long_type
    Feature record: CXX_FEATURE:1cxx_noexcept
    Feature record: CXX_FEATURE:1cxx_nonstatic_member_init
    Feature record: CXX_FEATURE:1cxx_nullptr
    Feature record: CXX_FEATURE:1cxx_override
    Feature record: CXX_FEATURE:1cxx_range_for
    Feature record: CXX_FEATURE:1cxx_raw_string_literals
    Feature record: CXX_FEATURE:1cxx_reference_qualified_functions
    Feature record: CXX_FEATURE:1cxx_relaxed_constexpr
    Feature record: CXX_FEATURE:1cxx_return_type_deduction
    Feature record: CXX_FEATURE:1cxx_right_angle_brackets
    Feature record: CXX_FEATURE:1cxx_rvalue_references
    Feature record: CXX_FEATURE:1cxx_sizeof_member
    Feature record: CXX_FEATURE:1cxx_static_assert
    Feature record: CXX_FEATURE:1cxx_strong_enums
    Feature record: CXX_FEATURE:1cxx_template_template_parameters
    Feature record: CXX_FEATURE:1cxx_thread_local
    Feature record: CXX_FEATURE:1cxx_trailing_return_types
    Feature record: CXX_FEATURE:1cxx_unicode_literals
    Feature record: CXX_FEATURE:1cxx_uniform_initialization
    Feature record: CXX_FEATURE:1cxx_unrestricted_unions
    Feature record: CXX_FEATURE:1cxx_user_literals
    Feature record: CXX_FEATURE:1cxx_variable_templates
    Feature record: CXX_FEATURE:1cxx_variadic_macros
    Feature record: CXX_FEATURE:1cxx_variadic_templates


Detecting CXX [-std=c++14] compiler features compiled with the following output:
Change Dir: /home/lg/workspace/joyou_Studio_Prj_Arch2021/dlib-19.22/build/CMakeFiles/CMakeTmp

Run Build Command:"/usr/bin/make" "cmTC_d88bb/fast"
/usr/bin/make -f CMakeFiles/cmTC_d88bb.dir/build.make CMakeFiles/cmTC_d88bb.dir/build
make[1]: Entering directory '/home/lg/workspace/joyou_Studio_Prj_Arch2021/dlib-19.22/build/CMakeFiles/CMakeTmp'
Building CXX object CMakeFiles/cmTC_d88bb.dir/feature_tests.cxx.o
/usr/bin/g++-7    -std=c++14 -o CMakeFiles/cmTC_d88bb.dir/feature_tests.cxx.o -c /home/lg/workspace/joyou_Studio_Prj_Arch2021/dlib-19.22/build/CMakeFiles/feature_tests.cxx
Linking CXX executable cmTC_d88bb
/usr/bin/cmake -E cmake_link_script CMakeFiles/cmTC_d88bb.dir/link.txt --verbose=1
/usr/bin/g++-7       -rdynamic CMakeFiles/cmTC_d88bb.dir/feature_tests.cxx.o  -o cmTC_d88bb 
make[1]: Leaving directory '/home/lg/workspace/joyou_Studio_Prj_Arch2021/dlib-19.22/build/CMakeFiles/CMakeTmp'


    Feature record: CXX_FEATURE:1cxx_aggregate_default_initializers
    Feature record: CXX_FEATURE:1cxx_alias_templates
    Feature record: CXX_FEATURE:1cxx_alignas
    Feature record: CXX_FEATURE:1cxx_alignof
    Feature record: CXX_FEATURE:1cxx_attributes
    Feature record: CXX_FEATURE:1cxx_attribute_deprecated
    Feature record: CXX_FEATURE:1cxx_auto_type
    Feature record: CXX_FEATURE:1cxx_binary_literals
    Feature record: CXX_FEATURE:1cxx_constexpr
    Feature record: CXX_FEATURE:1cxx_contextual_conversions
    Feature record: CXX_FEATURE:1cxx_decltype
    Feature record: CXX_FEATURE:1cxx_decltype_auto
    Feature record: CXX_FEATURE:1cxx_decltype_incomplete_return_types
    Feature record: CXX_FEATURE:1cxx_default_function_template_args
    Feature record: CXX_FEATURE:1cxx_defaulted_functions
    Feature record: CXX_FEATURE:1cxx_defaulted_move_initializers
    Feature record: CXX_FEATURE:1cxx_delegating_constructors
    Feature record: CXX_FEATURE:1cxx_deleted_functions
    Feature record: CXX_FEATURE:1cxx_digit_separators
    Feature record: CXX_FEATURE:1cxx_enum_forward_declarations
    Feature record: CXX_FEATURE:1cxx_explicit_conversions
    Feature record: CXX_FEATURE:1cxx_extended_friend_declarations
    Feature record: CXX_FEATURE:1cxx_extern_templates
    Feature record: CXX_FEATURE:1cxx_final
    Feature record: CXX_FEATURE:1cxx_func_identifier
    Feature record: CXX_FEATURE:1cxx_generalized_initializers
    Feature record: CXX_FEATURE:1cxx_generic_lambdas
    Feature record: CXX_FEATURE:1cxx_inheriting_constructors
    Feature record: CXX_FEATURE:1cxx_inline_namespaces
    Feature record: CXX_FEATURE:1cxx_lambdas
    Feature record: CXX_FEATURE:1cxx_lambda_init_captures
    Feature record: CXX_FEATURE:1cxx_local_type_template_args
    Feature record: CXX_FEATURE:1cxx_long_long_type
    Feature record: CXX_FEATURE:1cxx_noexcept
    Feature record: CXX_FEATURE:1cxx_nonstatic_member_init
    Feature record: CXX_FEATURE:1cxx_nullptr
    Feature record: CXX_FEATURE:1cxx_override
    Feature record: CXX_FEATURE:1cxx_range_for
    Feature record: CXX_FEATURE:1cxx_raw_string_literals
    Feature record: CXX_FEATURE:1cxx_reference_qualified_functions
    Feature record: CXX_FEATURE:1cxx_relaxed_constexpr
    Feature record: CXX_FEATURE:1cxx_return_type_deduction
    Feature record: CXX_FEATURE:1cxx_right_angle_brackets
    Feature record: CXX_FEATURE:1cxx_rvalue_references
    Feature record: CXX_FEATURE:1cxx_sizeof_member
    Feature record: CXX_FEATURE:1cxx_static_assert
    Feature record: CXX_FEATURE:1cxx_strong_enums
    Feature record: CXX_FEATURE:1cxx_template_template_parameters
    Feature record: CXX_FEATURE:1cxx_thread_local
    Feature record: CXX_FEATURE:1cxx_trailing_return_types
    Feature record: CXX_FEATURE:1cxx_unicode_literals
    Feature record: CXX_FEATURE:1cxx_uniform_initialization
    Feature record: CXX_FEATURE:1cxx_unrestricted_unions
    Feature record: CXX_FEATURE:1cxx_user_literals
    Feature record: CXX_FEATURE:1cxx_variable_templates
    Feature record: CXX_FEATURE:1cxx_variadic_macros
    Feature record: CXX_FEATURE:1cxx_variadic_templates


Detecting CXX [-std=c++11] compiler features compiled with the following output:
Change Dir: /home/lg/workspace/joyou_Studio_Prj_Arch2021/dlib-19.22/build/CMakeFiles/CMakeTmp

Run Build Command:"/usr/bin/make" "cmTC_704c2/fast"
/usr/bin/make -f CMakeFiles/cmTC_704c2.dir/build.make CMakeFiles/cmTC_704c2.dir/build
make[1]: Entering directory '/home/lg/workspace/joyou_Studio_Prj_Arch2021/dlib-19.22/build/CMakeFiles/CMakeTmp'
Building CXX object CMakeFiles/cmTC_704c2.dir/feature_tests.cxx.o
/usr/bin/g++-7    -std=c++11 -o CMakeFiles/cmTC_704c2.dir/feature_tests.cxx.o -c /home/lg/workspace/joyou_Studio_Prj_Arch2021/dlib-19.22/build/CMakeFiles/feature_tests.cxx
Linking CXX executable cmTC_704c2
/usr/bin/cmake -E cmake_link_script CMakeFiles/cmTC_704c2.dir/link.txt --verbose=1
/usr/bin/g++-7       -rdynamic CMakeFiles/cmTC_704c2.dir/feature_tests.cxx.o  -o cmTC_704c2 
make[1]: Leaving directory '/home/lg/workspace/joyou_Studio_Prj_Arch2021/dlib-19.22/build/CMakeFiles/CMakeTmp'


    Feature record: CXX_FEATURE:0cxx_aggregate_default_initializers
    Feature record: CXX_FEATURE:1cxx_alias_templates
    Feature record: CXX_FEATURE:1cxx_alignas
    Feature record: CXX_FEATURE:1cxx_alignof
    Feature record: CXX_FEATURE:1cxx_attributes
    Feature record: CXX_FEATURE:0cxx_attribute_deprecated
    Feature record: CXX_FEATURE:1cxx_auto_type
    Feature record: CXX_FEATURE:0cxx_binary_literals
    Feature record: CXX_FEATURE:1cxx_constexpr
    Feature record: CXX_FEATURE:0cxx_contextual_conversions
    Feature record: CXX_FEATURE:1cxx_decltype
    Feature record: CXX_FEATURE:0cxx_decltype_auto
    Feature record: CXX_FEATURE:1cxx_decltype_incomplete_return_types
    Feature record: CXX_FEATURE:1cxx_default_function_template_args
    Feature record: CXX_FEATURE:1cxx_defaulted_functions
    Feature record: CXX_FEATURE:1cxx_defaulted_move_initializers
    Feature record: CXX_FEATURE:1cxx_delegating_constructors
    Feature record: CXX_FEATURE:1cxx_deleted_functions
    Feature record: CXX_FEATURE:0cxx_digit_separators
    Feature record: CXX_FEATURE:1cxx_enum_forward_declarations
    Feature record: CXX_FEATURE:1cxx_explicit_conversions
    Feature record: CXX_FEATURE:1cxx_extended_friend_declarations
    Feature record: CXX_FEATURE:1cxx_extern_templates
    Feature record: CXX_FEATURE:1cxx_final
    Feature record: CXX_FEATURE:1cxx_func_identifier
    Feature record: CXX_FEATURE:1cxx_generalized_initializers
    Feature record: CXX_FEATURE:0cxx_generic_lambdas
    Feature record: CXX_FEATURE:1cxx_inheriting_constructors
    Feature record: CXX_FEATURE:1cxx_inline_namespaces
    Feature record: CXX_FEATURE:1cxx_lambdas
    Feature record: CXX_FEATURE:0cxx_lambda_init_captures
    Feature record: CXX_FEATURE:1cxx_local_type_template_args
    Feature record: CXX_FEATURE:1cxx_long_long_type
    Feature record: CXX_FEATURE:1cxx_noexcept
    Feature record: CXX_FEATURE:1cxx_nonstatic_member_init
    Feature record: CXX_FEATURE:1cxx_nullptr
    Feature record: CXX_FEATURE:1cxx_override
    Feature record: CXX_FEATURE:1cxx_range_for
    Feature record: CXX_FEATURE:1cxx_raw_string_literals
    Feature record: CXX_FEATURE:1cxx_reference_qualified_functions
    Feature record: CXX_FEATURE:0cxx_relaxed_constexpr
    Feature record: CXX_FEATURE:0cxx_return_type_deduction
    Feature record: CXX_FEATURE:1cxx_right_angle_brackets
    Feature record: CXX_FEATURE:1cxx_rvalue_references
    Feature record: CXX_FEATURE:1cxx_sizeof_member
    Feature record: CXX_FEATURE:1cxx_static_assert
    Feature record: CXX_FEATURE:1cxx_strong_enums
    Feature record: CXX_FEATURE:1cxx_template_template_parameters
    Feature record: CXX_FEATURE:1cxx_thread_local
    Feature record: CXX_FEATURE:1cxx_trailing_return_types
    Feature record: CXX_FEATURE:1cxx_unicode_literals
    Feature record: CXX_FEATURE:1cxx_uniform_initialization
    Feature record: CXX_FEATURE:1cxx_unrestricted_unions
    Feature record: CXX_FEATURE:1cxx_user_literals
    Feature record: CXX_FEATURE:0cxx_variable_templates
    Feature record: CXX_FEATURE:1cxx_variadic_macros
    Feature record: CXX_FEATURE:1cxx_variadic_templates


Detecting CXX [-std=c++98] compiler features compiled with the following output:
Change Dir: /home/lg/workspace/joyou_Studio_Prj_Arch2021/dlib-19.22/build/CMakeFiles/CMakeTmp

Run Build Command:"/usr/bin/make" "cmTC_6301b/fast"
/usr/bin/make -f CMakeFiles/cmTC_6301b.dir/build.make CMakeFiles/cmTC_6301b.dir/build
make[1]: Entering directory '/home/lg/workspace/joyou_Studio_Prj_Arch2021/dlib-19.22/build/CMakeFiles/CMakeTmp'
Building CXX object CMakeFiles/cmTC_6301b.dir/feature_tests.cxx.o
/usr/bin/g++-7    -std=c++98 -o CMakeFiles/cmTC_6301b.dir/feature_tests.cxx.o -c /home/lg/workspace/joyou_Studio_Prj_Arch2021/dlib-19.22/build/CMakeFiles/feature_tests.cxx
Linking CXX executable cmTC_6301b
/usr/bin/cmake -E cmake_link_script CMakeFiles/cmTC_6301b.dir/link.txt --verbose=1
/usr/bin/g++-7       -rdynamic CMakeFiles/cmTC_6301b.dir/feature_tests.cxx.o  -o cmTC_6301b 
make[1]: Leaving directory '/home/lg/workspace/joyou_Studio_Prj_Arch2021/dlib-19.22/build/CMakeFiles/CMakeTmp'


    Feature record: CXX_FEATURE:0cxx_aggregate_default_initializers
    Feature record: CXX_FEATURE:0cxx_alias_templates
    Feature record: CXX_FEATURE:0cxx_alignas
    Feature record: CXX_FEATURE:0cxx_alignof
    Feature record: CXX_FEATURE:0cxx_attributes
    Feature record: CXX_FEATURE:0cxx_attribute_deprecated
    Feature record: CXX_FEATURE:0cxx_auto_type
    Feature record: CXX_FEATURE:0cxx_binary_literals
    Feature record: CXX_FEATURE:0cxx_constexpr
    Feature record: CXX_FEATURE:0cxx_contextual_conversions
    Feature record: CXX_FEATURE:0cxx_decltype
    Feature record: CXX_FEATURE:0cxx_decltype_auto
    Feature record: CXX_FEATURE:0cxx_decltype_incomplete_return_types
    Feature record: CXX_FEATURE:0cxx_default_function_template_args
    Feature record: CXX_FEATURE:0cxx_defaulted_functions
    Feature record: CXX_FEATURE:0cxx_defaulted_move_initializers
    Feature record: CXX_FEATURE:0cxx_delegating_constructors
    Feature record: CXX_FEATURE:0cxx_deleted_functions
    Feature record: CXX_FEATURE:0cxx_digit_separators
    Feature record: CXX_FEATURE:0cxx_enum_forward_declarations
    Feature record: CXX_FEATURE:0cxx_explicit_conversions
    Feature record: CXX_FEATURE:0cxx_extended_friend_declarations
    Feature record: CXX_FEATURE:0cxx_extern_templates
    Feature record: CXX_FEATURE:0cxx_final
    Feature record: CXX_FEATURE:0cxx_func_identifier
    Feature record: CXX_FEATURE:0cxx_generalized_initializers
    Feature record: CXX_FEATURE:0cxx_generic_lambdas
    Feature record: CXX_FEATURE:0cxx_inheriting_constructors
    Feature record: CXX_FEATURE:0cxx_inline_namespaces
    Feature record: CXX_FEATURE:0cxx_lambdas
    Feature record: CXX_FEATURE:0cxx_lambda_init_captures
    Feature record: CXX_FEATURE:0cxx_local_type_template_args
    Feature record: CXX_FEATURE:0cxx_long_long_type
    Feature record: CXX_FEATURE:0cxx_noexcept
    Feature record: CXX_FEATURE:0cxx_nonstatic_member_init
    Feature record: CXX_FEATURE:0cxx_nullptr
    Feature record: CXX_FEATURE:0cxx_override
    Feature record: CXX_FEATURE:0cxx_range_for
    Feature record: CXX_FEATURE:0cxx_raw_string_literals
    Feature record: CXX_FEATURE:0cxx_reference_qualified_functions
    Feature record: CXX_FEATURE:0cxx_relaxed_constexpr
    Feature record: CXX_FEATURE:0cxx_return_type_deduction
    Feature record: CXX_FEATURE:0cxx_right_angle_brackets
    Feature record: CXX_FEATURE:0cxx_rvalue_references
    Feature record: CXX_FEATURE:0cxx_sizeof_member
    Feature record: CXX_FEATURE:0cxx_static_assert
    Feature record: CXX_FEATURE:0cxx_strong_enums
    Feature record: CXX_FEATURE:1cxx_template_template_parameters
    Feature record: CXX_FEATURE:0cxx_thread_local
    Feature record: CXX_FEATURE:0cxx_trailing_return_types
    Feature record: CXX_FEATURE:0cxx_unicode_literals
    Feature record: CXX_FEATURE:0cxx_uniform_initialization
    Feature record: CXX_FEATURE:0cxx_unrestricted_unions
    Feature record: CXX_FEATURE:0cxx_user_literals
    Feature record: CXX_FEATURE:0cxx_variable_templates
    Feature record: CXX_FEATURE:0cxx_variadic_macros
    Feature record: CXX_FEATURE:0cxx_variadic_templates
Determining if the include file pthread.h exists passed with the following output:
Change Dir: /home/lg/workspace/joyou_Studio_Prj_Arch2021/dlib-19.22/build/CMakeFiles/CMakeTmp

Run Build Command:"/usr/bin/make" "cmTC_f8254/fast"
/usr/bin/make -f CMakeFiles/cmTC_f8254.dir/build.make CMakeFiles/cmTC_f8254.dir/build
make[1]: Entering directory '/home/lg/workspace/joyou_Studio_Prj_Arch2021/dlib-19.22/build/CMakeFiles/CMakeTmp'
Building C object CMakeFiles/cmTC_f8254.dir/CheckIncludeFile.c.o
/usr/bin/gcc-7    -o CMakeFiles/cmTC_f8254.dir/CheckIncludeFile.c.o   -c /home/lg/workspace/joyou_Studio_Prj_Arch2021/dlib-19.22/build/CMakeFiles/CMakeTmp/CheckIncludeFile.c
Linking C executable cmTC_f8254
/usr/bin/cmake -E cmake_link_script CMakeFiles/cmTC_f8254.dir/link.txt --verbose=1
/usr/bin/gcc-7      -rdynamic CMakeFiles/cmTC_f8254.dir/CheckIncludeFile.c.o  -o cmTC_f8254 
make[1]: Leaving directory '/home/lg/workspace/joyou_Studio_Prj_Arch2021/dlib-19.22/build/CMakeFiles/CMakeTmp'


Determining if the function pthread_create exists in the pthread passed with the following output:
Change Dir: /home/lg/workspace/joyou_Studio_Prj_Arch2021/dlib-19.22/build/CMakeFiles/CMakeTmp

Run Build Command:"/usr/bin/make" "cmTC_ea1ef/fast"
/usr/bin/make -f CMakeFiles/cmTC_ea1ef.dir/build.make CMakeFiles/cmTC_ea1ef.dir/build
make[1]: Entering directory '/home/lg/workspace/joyou_Studio_Prj_Arch2021/dlib-19.22/build/CMakeFiles/CMakeTmp'
Building C object CMakeFiles/cmTC_ea1ef.dir/CheckFunctionExists.c.o
/usr/bin/gcc-7   -DCHECK_FUNCTION_EXISTS=pthread_create   -o CMakeFiles/cmTC_ea1ef.dir/CheckFunctionExists.c.o   -c /usr/share/cmake-3.10/Modules/CheckFunctionExists.c
Linking C executable cmTC_ea1ef
/usr/bin/cmake -E cmake_link_script CMakeFiles/cmTC_ea1ef.dir/link.txt --verbose=1
/usr/bin/gcc-7  -DCHECK_FUNCTION_EXISTS=pthread_create    -rdynamic CMakeFiles/cmTC_ea1ef.dir/CheckFunctionExists.c.o  -o cmTC_ea1ef -lpthread 
make[1]: Leaving directory '/home/lg/workspace/joyou_Studio_Prj_Arch2021/dlib-19.22/build/CMakeFiles/CMakeTmp'


Determining if the function XOpenDisplay exists in the /usr/lib/aarch64-linux-gnu/libX11.so;/usr/lib/aarch64-linux-gnu/libXext.so passed with the following output:
Change Dir: /home/lg/workspace/joyou_Studio_Prj_Arch2021/dlib-19.22/build/CMakeFiles/CMakeTmp

Run Build Command:"/usr/bin/make" "cmTC_4a760/fast"
/usr/bin/make -f CMakeFiles/cmTC_4a760.dir/build.make CMakeFiles/cmTC_4a760.dir/build
make[1]: Entering directory '/home/lg/workspace/joyou_Studio_Prj_Arch2021/dlib-19.22/build/CMakeFiles/CMakeTmp'
Building C object CMakeFiles/cmTC_4a760.dir/CheckFunctionExists.c.o
/usr/bin/gcc-7   -DCHECK_FUNCTION_EXISTS=XOpenDisplay   -o CMakeFiles/cmTC_4a760.dir/CheckFunctionExists.c.o   -c /usr/share/cmake-3.10/Modules/CheckFunctionExists.c
Linking C executable cmTC_4a760
/usr/bin/cmake -E cmake_link_script CMakeFiles/cmTC_4a760.dir/link.txt --verbose=1
/usr/bin/gcc-7  -DCHECK_FUNCTION_EXISTS=XOpenDisplay    -rdynamic CMakeFiles/cmTC_4a760.dir/CheckFunctionExists.c.o  -o cmTC_4a760 /usr/lib/aarch64-linux-gnu/libX11.so /usr/lib/aarch64-linux-gnu/libXext.so 
make[1]: Leaving directory '/home/lg/workspace/joyou_Studio_Prj_Arch2021/dlib-19.22/build/CMakeFiles/CMakeTmp'


Determining if the function gethostbyname exists passed with the following output:
Change Dir: /home/lg/workspace/joyou_Studio_Prj_Arch2021/dlib-19.22/build/CMakeFiles/CMakeTmp

Run Build Command:"/usr/bin/make" "cmTC_126b8/fast"
/usr/bin/make -f CMakeFiles/cmTC_126b8.dir/build.make CMakeFiles/cmTC_126b8.dir/build
make[1]: Entering directory '/home/lg/workspace/joyou_Studio_Prj_Arch2021/dlib-19.22/build/CMakeFiles/CMakeTmp'
Building C object CMakeFiles/cmTC_126b8.dir/CheckFunctionExists.c.o
/usr/bin/gcc-7   -DCHECK_FUNCTION_EXISTS=gethostbyname   -o CMakeFiles/cmTC_126b8.dir/CheckFunctionExists.c.o   -c /usr/share/cmake-3.10/Modules/CheckFunctionExists.c
Linking C executable cmTC_126b8
/usr/bin/cmake -E cmake_link_script CMakeFiles/cmTC_126b8.dir/link.txt --verbose=1
/usr/bin/gcc-7  -DCHECK_FUNCTION_EXISTS=gethostbyname    -rdynamic CMakeFiles/cmTC_126b8.dir/CheckFunctionExists.c.o  -o cmTC_126b8 
make[1]: Leaving directory '/home/lg/workspace/joyou_Studio_Prj_Arch2021/dlib-19.22/build/CMakeFiles/CMakeTmp'


Determining if the function connect exists passed with the following output:
Change Dir: /home/lg/workspace/joyou_Studio_Prj_Arch2021/dlib-19.22/build/CMakeFiles/CMakeTmp

Run Build Command:"/usr/bin/make" "cmTC_a10da/fast"
/usr/bin/make -f CMakeFiles/cmTC_a10da.dir/build.make CMakeFiles/cmTC_a10da.dir/build
make[1]: Entering directory '/home/lg/workspace/joyou_Studio_Prj_Arch2021/dlib-19.22/build/CMakeFiles/CMakeTmp'
Building C object CMakeFiles/cmTC_a10da.dir/CheckFunctionExists.c.o
/usr/bin/gcc-7   -DCHECK_FUNCTION_EXISTS=connect   -o CMakeFiles/cmTC_a10da.dir/CheckFunctionExists.c.o   -c /usr/share/cmake-3.10/Modules/CheckFunctionExists.c
Linking C executable cmTC_a10da
/usr/bin/cmake -E cmake_link_script CMakeFiles/cmTC_a10da.dir/link.txt --verbose=1
/usr/bin/gcc-7  -DCHECK_FUNCTION_EXISTS=connect    -rdynamic CMakeFiles/cmTC_a10da.dir/CheckFunctionExists.c.o  -o cmTC_a10da 
make[1]: Leaving directory '/home/lg/workspace/joyou_Studio_Prj_Arch2021/dlib-19.22/build/CMakeFiles/CMakeTmp'


Determining if the function remove exists passed with the following output:
Change Dir: /home/lg/workspace/joyou_Studio_Prj_Arch2021/dlib-19.22/build/CMakeFiles/CMakeTmp

Run Build Command:"/usr/bin/make" "cmTC_8a224/fast"
/usr/bin/make -f CMakeFiles/cmTC_8a224.dir/build.make CMakeFiles/cmTC_8a224.dir/build
make[1]: Entering directory '/home/lg/workspace/joyou_Studio_Prj_Arch2021/dlib-19.22/build/CMakeFiles/CMakeTmp'
Building C object CMakeFiles/cmTC_8a224.dir/CheckFunctionExists.c.o
/usr/bin/gcc-7   -DCHECK_FUNCTION_EXISTS=remove   -o CMakeFiles/cmTC_8a224.dir/CheckFunctionExists.c.o   -c /usr/share/cmake-3.10/Modules/CheckFunctionExists.c
Linking C executable cmTC_8a224
/usr/bin/cmake -E cmake_link_script CMakeFiles/cmTC_8a224.dir/link.txt --verbose=1
/usr/bin/gcc-7  -DCHECK_FUNCTION_EXISTS=remove    -rdynamic CMakeFiles/cmTC_8a224.dir/CheckFunctionExists.c.o  -o cmTC_8a224 
make[1]: Leaving directory '/home/lg/workspace/joyou_Studio_Prj_Arch2021/dlib-19.22/build/CMakeFiles/CMakeTmp'


Determining if the function shmat exists passed with the following output:
Change Dir: /home/lg/workspace/joyou_Studio_Prj_Arch2021/dlib-19.22/build/CMakeFiles/CMakeTmp

Run Build Command:"/usr/bin/make" "cmTC_8c67d/fast"
/usr/bin/make -f CMakeFiles/cmTC_8c67d.dir/build.make CMakeFiles/cmTC_8c67d.dir/build
make[1]: Entering directory '/home/lg/workspace/joyou_Studio_Prj_Arch2021/dlib-19.22/build/CMakeFiles/CMakeTmp'
Building C object CMakeFiles/cmTC_8c67d.dir/CheckFunctionExists.c.o
/usr/bin/gcc-7   -DCHECK_FUNCTION_EXISTS=shmat   -o CMakeFiles/cmTC_8c67d.dir/CheckFunctionExists.c.o   -c /usr/share/cmake-3.10/Modules/CheckFunctionExists.c
Linking C executable cmTC_8c67d
/usr/bin/cmake -E cmake_link_script CMakeFiles/cmTC_8c67d.dir/link.txt --verbose=1
/usr/bin/gcc-7  -DCHECK_FUNCTION_EXISTS=shmat    -rdynamic CMakeFiles/cmTC_8c67d.dir/CheckFunctionExists.c.o  -o cmTC_8c67d 
make[1]: Leaving directory '/home/lg/workspace/joyou_Studio_Prj_Arch2021/dlib-19.22/build/CMakeFiles/CMakeTmp'


Determining if the function IceConnectionNumber exists in the ICE passed with the following output:
Change Dir: /home/lg/workspace/joyou_Studio_Prj_Arch2021/dlib-19.22/build/CMakeFiles/CMakeTmp

Run Build Command:"/usr/bin/make" "cmTC_c9728/fast"
/usr/bin/make -f CMakeFiles/cmTC_c9728.dir/build.make CMakeFiles/cmTC_c9728.dir/build
make[1]: Entering directory '/home/lg/workspace/joyou_Studio_Prj_Arch2021/dlib-19.22/build/CMakeFiles/CMakeTmp'
Building C object CMakeFiles/cmTC_c9728.dir/CheckFunctionExists.c.o
/usr/bin/gcc-7   -DCHECK_FUNCTION_EXISTS=IceConnectionNumber   -o CMakeFiles/cmTC_c9728.dir/CheckFunctionExists.c.o   -c /usr/share/cmake-3.10/Modules/CheckFunctionExists.c
Linking C executable cmTC_c9728
/usr/bin/cmake -E cmake_link_script CMakeFiles/cmTC_c9728.dir/link.txt --verbose=1
/usr/bin/gcc-7  -DCHECK_FUNCTION_EXISTS=IceConnectionNumber    -rdynamic CMakeFiles/cmTC_c9728.dir/CheckFunctionExists.c.o  -o cmTC_c9728 -lICE 
make[1]: Leaving directory '/home/lg/workspace/joyou_Studio_Prj_Arch2021/dlib-19.22/build/CMakeFiles/CMakeTmp'


Determining if the include file sys/types.h exists passed with the following output:
Change Dir: /home/lg/workspace/joyou_Studio_Prj_Arch2021/dlib-19.22/build/CMakeFiles/CMakeTmp

Run Build Command:"/usr/bin/make" "cmTC_a6ec7/fast"
/usr/bin/make -f CMakeFiles/cmTC_a6ec7.dir/build.make CMakeFiles/cmTC_a6ec7.dir/build
make[1]: Entering directory '/home/lg/workspace/joyou_Studio_Prj_Arch2021/dlib-19.22/build/CMakeFiles/CMakeTmp'
Building C object CMakeFiles/cmTC_a6ec7.dir/CheckIncludeFile.c.o
/usr/bin/gcc-7    -o CMakeFiles/cmTC_a6ec7.dir/CheckIncludeFile.c.o   -c /home/lg/workspace/joyou_Studio_Prj_Arch2021/dlib-19.22/build/CMakeFiles/CMakeTmp/CheckIncludeFile.c
Linking C executable cmTC_a6ec7
/usr/bin/cmake -E cmake_link_script CMakeFiles/cmTC_a6ec7.dir/link.txt --verbose=1
/usr/bin/gcc-7      -rdynamic CMakeFiles/cmTC_a6ec7.dir/CheckIncludeFile.c.o  -o cmTC_a6ec7 
make[1]: Leaving directory '/home/lg/workspace/joyou_Studio_Prj_Arch2021/dlib-19.22/build/CMakeFiles/CMakeTmp'


Determining if the include file stdint.h exists passed with the following output:
Change Dir: /home/lg/workspace/joyou_Studio_Prj_Arch2021/dlib-19.22/build/CMakeFiles/CMakeTmp

Run Build Command:"/usr/bin/make" "cmTC_1dd53/fast"
/usr/bin/make -f CMakeFiles/cmTC_1dd53.dir/build.make CMakeFiles/cmTC_1dd53.dir/build
make[1]: Entering directory '/home/lg/workspace/joyou_Studio_Prj_Arch2021/dlib-19.22/build/CMakeFiles/CMakeTmp'
Building C object CMakeFiles/cmTC_1dd53.dir/CheckIncludeFile.c.o
/usr/bin/gcc-7    -o CMakeFiles/cmTC_1dd53.dir/CheckIncludeFile.c.o   -c /home/lg/workspace/joyou_Studio_Prj_Arch2021/dlib-19.22/build/CMakeFiles/CMakeTmp/CheckIncludeFile.c
Linking C executable cmTC_1dd53
/usr/bin/cmake -E cmake_link_script CMakeFiles/cmTC_1dd53.dir/link.txt --verbose=1
/usr/bin/gcc-7      -rdynamic CMakeFiles/cmTC_1dd53.dir/CheckIncludeFile.c.o  -o cmTC_1dd53 
make[1]: Leaving directory '/home/lg/workspace/joyou_Studio_Prj_Arch2021/dlib-19.22/build/CMakeFiles/CMakeTmp'


Determining if the include file stddef.h exists passed with the following output:
Change Dir: /home/lg/workspace/joyou_Studio_Prj_Arch2021/dlib-19.22/build/CMakeFiles/CMakeTmp

Run Build Command:"/usr/bin/make" "cmTC_31ce2/fast"
/usr/bin/make -f CMakeFiles/cmTC_31ce2.dir/build.make CMakeFiles/cmTC_31ce2.dir/build
make[1]: Entering directory '/home/lg/workspace/joyou_Studio_Prj_Arch2021/dlib-19.22/build/CMakeFiles/CMakeTmp'
Building C object CMakeFiles/cmTC_31ce2.dir/CheckIncludeFile.c.o
/usr/bin/gcc-7    -o CMakeFiles/cmTC_31ce2.dir/CheckIncludeFile.c.o   -c /home/lg/workspace/joyou_Studio_Prj_Arch2021/dlib-19.22/build/CMakeFiles/CMakeTmp/CheckIncludeFile.c
Linking C executable cmTC_31ce2
/usr/bin/cmake -E cmake_link_script CMakeFiles/cmTC_31ce2.dir/link.txt --verbose=1
/usr/bin/gcc-7      -rdynamic CMakeFiles/cmTC_31ce2.dir/CheckIncludeFile.c.o  -o cmTC_31ce2 
make[1]: Leaving directory '/home/lg/workspace/joyou_Studio_Prj_Arch2021/dlib-19.22/build/CMakeFiles/CMakeTmp'


Determining size of void* passed with the following output:
Change Dir: /home/lg/workspace/joyou_Studio_Prj_Arch2021/dlib-19.22/build/CMakeFiles/CMakeTmp

Run Build Command:"/usr/bin/make" "cmTC_c092b/fast"
/usr/bin/make -f CMakeFiles/cmTC_c092b.dir/build.make CMakeFiles/cmTC_c092b.dir/build
make[1]: Entering directory '/home/lg/workspace/joyou_Studio_Prj_Arch2021/dlib-19.22/build/CMakeFiles/CMakeTmp'
Building C object CMakeFiles/cmTC_c092b.dir/SIZE_OF_VOID_PTR.c.o
/usr/bin/gcc-7    -o CMakeFiles/cmTC_c092b.dir/SIZE_OF_VOID_PTR.c.o   -c /home/lg/workspace/joyou_Studio_Prj_Arch2021/dlib-19.22/build/CMakeFiles/CheckTypeSize/SIZE_OF_VOID_PTR.c
Linking C executable cmTC_c092b
/usr/bin/cmake -E cmake_link_script CMakeFiles/cmTC_c092b.dir/link.txt --verbose=1
/usr/bin/gcc-7      -rdynamic CMakeFiles/cmTC_c092b.dir/SIZE_OF_VOID_PTR.c.o  -o cmTC_c092b 
make[1]: Leaving directory '/home/lg/workspace/joyou_Studio_Prj_Arch2021/dlib-19.22/build/CMakeFiles/CMakeTmp'


Determining if the function sgetrf_single exists passed with the following output:
Change Dir: /home/lg/workspace/joyou_Studio_Prj_Arch2021/dlib-19.22/build/CMakeFiles/CMakeTmp

Run Build Command:"/usr/bin/make" "cmTC_47d8e/fast"
/usr/bin/make -f CMakeFiles/cmTC_47d8e.dir/build.make CMakeFiles/cmTC_47d8e.dir/build
make[1]: Entering directory '/home/lg/workspace/joyou_Studio_Prj_Arch2021/dlib-19.22/build/CMakeFiles/CMakeTmp'
Building C object CMakeFiles/cmTC_47d8e.dir/CheckFunctionExists.c.o
/usr/bin/gcc-7   -DCHECK_FUNCTION_EXISTS=sgetrf_single   -o CMakeFiles/cmTC_47d8e.dir/CheckFunctionExists.c.o   -c /usr/share/cmake-3.10/Modules/CheckFunctionExists.c
Linking C executable cmTC_47d8e
/usr/bin/cmake -E cmake_link_script CMakeFiles/cmTC_47d8e.dir/link.txt --verbose=1
/usr/bin/gcc-7  -DCHECK_FUNCTION_EXISTS=sgetrf_single    -rdynamic CMakeFiles/cmTC_47d8e.dir/CheckFunctionExists.c.o  -o cmTC_47d8e /usr/lib/aarch64-linux-gnu/libopenblas.so 
make[1]: Leaving directory '/home/lg/workspace/joyou_Studio_Prj_Arch2021/dlib-19.22/build/CMakeFiles/CMakeTmp'


Determining if the function cblas_ddot exists passed with the following output:
Change Dir: /home/lg/workspace/joyou_Studio_Prj_Arch2021/dlib-19.22/build/CMakeFiles/CMakeTmp

Run Build Command:"/usr/bin/make" "cmTC_5a39b/fast"
/usr/bin/make -f CMakeFiles/cmTC_5a39b.dir/build.make CMakeFiles/cmTC_5a39b.dir/build
make[1]: Entering directory '/home/lg/workspace/joyou_Studio_Prj_Arch2021/dlib-19.22/build/CMakeFiles/CMakeTmp'
Building C object CMakeFiles/cmTC_5a39b.dir/CheckFunctionExists.c.o
/usr/bin/gcc-7   -DCHECK_FUNCTION_EXISTS=cblas_ddot   -o CMakeFiles/cmTC_5a39b.dir/CheckFunctionExists.c.o   -c /usr/share/cmake-3.10/Modules/CheckFunctionExists.c
Linking C executable cmTC_5a39b
/usr/bin/cmake -E cmake_link_script CMakeFiles/cmTC_5a39b.dir/link.txt --verbose=1
/usr/bin/gcc-7  -DCHECK_FUNCTION_EXISTS=cblas_ddot    -rdynamic CMakeFiles/cmTC_5a39b.dir/CheckFunctionExists.c.o  -o cmTC_5a39b /usr/lib/aarch64-linux-gnu/libopenblas.so 
make[1]: Leaving directory '/home/lg/workspace/joyou_Studio_Prj_Arch2021/dlib-19.22/build/CMakeFiles/CMakeTmp'


